\BOOKMARK [1][-]{section.1}{Introduction}{}% 1
\BOOKMARK [2][-]{subsection.1.1}{Ionization cooling}{section.1}% 2
\BOOKMARK [2][-]{subsection.1.2}{MICE}{section.1}% 3
\BOOKMARK [2][-]{subsection.1.3}{EMR}{section.1}% 4
\BOOKMARK [1][-]{section.2}{EMR Design Concept}{}% 5
\BOOKMARK [2][-]{subsection.2.1}{Optical Elements}{section.2}% 6
\BOOKMARK [2][-]{subsection.2.2}{Photo-detectors}{section.2}% 7
\BOOKMARK [2][-]{subsection.2.3}{Electronics Layout}{section.2}% 8
\BOOKMARK [3][-]{subsubsection.2.3.1}{Front-End and Digitizer-Buffer Boards}{subsection.2.3}% 9
\BOOKMARK [3][-]{subsubsection.2.3.2}{VME Configuration Board}{subsection.2.3}% 10
\BOOKMARK [3][-]{subsubsection.2.3.3}{VME Read-Out Board}{subsection.2.3}% 11
\BOOKMARK [3][-]{subsubsection.2.3.4}{Flash ADC Board}{subsection.2.3}% 12
\BOOKMARK [2][-]{subsection.2.4}{Mechanics}{section.2}% 13
\BOOKMARK [1][-]{section.3}{Construction}{}% 14
\BOOKMARK [2][-]{subsection.3.1}{Quality Assurance Tests}{section.3}% 15
\BOOKMARK [2][-]{subsection.3.2}{Examining the performance with the LED calibration system}{section.3}% 16
\BOOKMARK [2][-]{subsection.3.3}{Examining the performance with cosmic rays}{section.3}% 17
\BOOKMARK [3][-]{subsubsection.3.3.1}{Cosmic muon signature}{subsection.3.3}% 18
\BOOKMARK [2][-]{subsection.3.4}{LED-based crosstalk analysis}{section.3}% 19
\BOOKMARK [2][-]{subsection.3.5}{Cosmic-based channel mismatch analysis}{section.3}% 20
\BOOKMARK [2][-]{subsection.3.6}{PMT Calibration}{section.3}% 21
\BOOKMARK [1][-]{section.4}{Transportation and installation at Rutherford Lab}{}% 22
